<?xml version="1.0" encoding="UTF-8"?>
<!-- Generated by org.testng.reporters.JUnitXMLReporter -->
<testsuite ignored="0" hostname="DESKTOP-RCPQQ8F" failures="0" tests="6" name="Test" time="33.765" errors="0" timestamp="2021-12-29T09:40:37 IST">
  <testcase classname="automationproject.LoginTest" name="loginSuccess" time="10.619"/>
  <testcase classname="io.cucumber.testng.AbstractTestNGCucumberTests" name="runScenario" time="11.994"/>
  <testcase classname="automationproject.RegistrationTest" name="shouldRegisterSuccessfully" time="14.274"/>
  <testcase classname="io.cucumber.testng.AbstractTestNGCucumberTests" name="runScenario" time="10.998"/>
  <testcase classname="automationproject.OrderCheckoutFlowTest" name="Process" time="31.025"/>
  <testcase classname="io.cucumber.testng.AbstractTestNGCucumberTests" name="runScenario" time="10.455"/>
</testsuite> <!-- Test -->
